2026-05-08 20:32:25,685 INFO o.a.j.u.JMeterUtils: Setting Locale to en_EN
2026-05-08 20:32:25,722 INFO o.a.j.JMeter: Loading user properties from: user.properties
2026-05-08 20:32:25,747 INFO o.a.j.JMeter: Loading system properties from: system.properties
2026-05-08 20:32:25,747 INFO o.a.j.JMeter: Setting JMeter property: threads=5
2026-05-08 20:32:25,747 INFO o.a.j.JMeter: Setting JMeter property: rampup=5
2026-05-08 20:32:25,747 INFO o.a.j.JMeter: Setting JMeter property: duration=65
2026-05-08 20:32:25,747 INFO o.a.j.JMeter: Setting JMeter property: throughput=10
2026-05-08 20:32:25,768 INFO o.a.j.JMeter: Copyright (c) 1998-2022 The Apache Software Foundation
2026-05-08 20:32:25,768 INFO o.a.j.JMeter: Version 5.5
2026-05-08 20:32:25,768 INFO o.a.j.JMeter: java.version=1.8.0_441
2026-05-08 20:32:25,768 INFO o.a.j.JMeter: java.vm.name=Java HotSpot(TM) Client VM
2026-05-08 20:32:25,768 INFO o.a.j.JMeter: os.name=Windows 11
2026-05-08 20:32:25,768 INFO o.a.j.JMeter: os.arch=x86
2026-05-08 20:32:25,768 INFO o.a.j.JMeter: os.version=10.0
2026-05-08 20:32:25,768 INFO o.a.j.JMeter: file.encoding=Cp1252
2026-05-08 20:32:25,768 INFO o.a.j.JMeter: java.awt.headless=true
2026-05-08 20:32:25,768 INFO o.a.j.JMeter: Max memory     =1073741824
2026-05-08 20:32:25,768 INFO o.a.j.JMeter: Available Processors =12
2026-05-08 20:32:25,783 INFO o.a.j.JMeter: Default Locale=English (EN)
2026-05-08 20:32:25,783 INFO o.a.j.JMeter: JMeter  Locale=English (EN)
2026-05-08 20:32:25,783 INFO o.a.j.JMeter: JMeterHome=C:\apache-jmeter-5.5
2026-05-08 20:32:25,783 INFO o.a.j.JMeter: user.dir  =C:\apache-jmeter-5.5\bin
2026-05-08 20:32:25,783 INFO o.a.j.JMeter: PWD       =C:\apache-jmeter-5.5\bin
2026-05-08 20:32:25,783 INFO o.a.j.JMeter: IP: 192.168.68.68 Name: DESKTOP-KT982LC FullName: DESKTOP-KT982LC
2026-05-08 20:32:25,843 INFO o.a.j.JMeter: Setting property 'jmeter.reportgenerator.outputdir' to:'C:\temp\TestAssignment\Assurity-Test-Assignment\results\HTMLReport'
2026-05-08 20:32:25,846 INFO o.a.j.s.FileServer: Default base='C:\apache-jmeter-5.5\bin'
2026-05-08 20:32:25,846 INFO o.a.j.s.FileServer: Set new base='C:\temp\TestAssignment\Assurity-Test-Assignment'
2026-05-08 20:32:26,123 INFO o.a.j.s.SaveService: Testplan (JMX) version: 2.2. Testlog (JTL) version: 2.2
2026-05-08 20:32:26,205 INFO o.a.j.s.SaveService: Using SaveService properties file encoding UTF-8
2026-05-08 20:32:26,205 INFO o.a.j.s.SaveService: Using SaveService properties version 5.0
2026-05-08 20:32:26,220 INFO o.a.j.s.SaveService: Loading file: C:\temp\TestAssignment\Assurity-Test-Assignment\JayJavier_AssurityTestAssignment.jmx
2026-05-08 20:32:26,403 INFO o.a.j.p.h.s.HTTPSamplerBase: Parser for text/html is org.apache.jmeter.protocol.http.parser.LagartoBasedHtmlParser
2026-05-08 20:32:26,403 INFO o.a.j.p.h.s.HTTPSamplerBase: Parser for application/xhtml+xml is org.apache.jmeter.protocol.http.parser.LagartoBasedHtmlParser
2026-05-08 20:32:26,403 INFO o.a.j.p.h.s.HTTPSamplerBase: Parser for application/xml is org.apache.jmeter.protocol.http.parser.LagartoBasedHtmlParser
2026-05-08 20:32:26,403 INFO o.a.j.p.h.s.HTTPSamplerBase: Parser for text/xml is org.apache.jmeter.protocol.http.parser.LagartoBasedHtmlParser
2026-05-08 20:32:26,404 INFO o.a.j.p.h.s.HTTPSamplerBase: Parser for text/vnd.wap.wml is org.apache.jmeter.protocol.http.parser.RegexpHTMLParser
2026-05-08 20:32:26,404 INFO o.a.j.p.h.s.HTTPSamplerBase: Parser for text/css is org.apache.jmeter.protocol.http.parser.CssParser
2026-05-08 20:32:26,954 INFO o.a.j.JMeter: Creating summariser <summary>
2026-05-08 20:32:26,964 INFO o.a.j.r.d.ReportGenerator: ReportGenerator will use for Parsing the separator: ','
2026-05-08 20:32:26,964 INFO o.a.j.r.d.ReportGenerator: Will generate report at end of test from  results file: C:\temp\TestAssignment\Assurity-Test-Assignment\results\results.jtl
2026-05-08 20:32:26,964 INFO o.a.j.r.d.ReportGenerator: Reading report generator properties from: C:\apache-jmeter-5.5\bin\reportgenerator.properties
2026-05-08 20:32:26,970 INFO o.a.j.r.d.ReportGenerator: Merging with JMeter properties
2026-05-08 20:32:26,986 INFO o.a.j.r.c.ReportGeneratorConfiguration: Property 'jmeter.reportgenerator.temp_dir' not found, using default value 'temp' instead.
2026-05-08 20:32:26,986 INFO o.a.j.r.c.ReportGeneratorConfiguration: Property 'jmeter.reportgenerator.apdex_per_transaction' not found, using default value 'null' instead.
2026-05-08 20:32:26,986 INFO o.a.j.r.c.ReportGeneratorConfiguration: apdex_per_transaction is empty, not APDEX per transaction customization
2026-05-08 20:32:26,986 INFO o.a.j.r.c.ReportGeneratorConfiguration: Property 'jmeter.reportgenerator.sample_filter' not found, using default value 'null' instead.
2026-05-08 20:32:26,986 INFO o.a.j.r.c.ReportGeneratorConfiguration: Property 'jmeter.reportgenerator.report_title' not found, using default value 'null' instead.
2026-05-08 20:32:26,986 INFO o.a.j.r.c.ReportGeneratorConfiguration: Property 'jmeter.reportgenerator.start_date' not found, using default value 'null' instead.
2026-05-08 20:32:26,986 INFO o.a.j.r.c.ReportGeneratorConfiguration: Property 'jmeter.reportgenerator.end_date' not found, using default value 'null' instead.
2026-05-08 20:32:26,986 INFO o.a.j.r.c.ReportGeneratorConfiguration: Property 'jmeter.reportgenerator.date_format' not found, using default value 'null' instead.
2026-05-08 20:32:26,986 INFO o.a.j.r.c.ReportGeneratorConfiguration: Will use date range start date: null, end date: null
2026-05-08 20:32:27,002 INFO o.a.j.r.c.ReportGeneratorConfiguration: Property 'jmeter.reportgenerator.graph.totalTPS.exclude_controllers' not found, using default value 'false' instead.
2026-05-08 20:32:27,002 INFO o.a.j.r.c.ReportGeneratorConfiguration: Property 'jmeter.reportgenerator.graph.activeThreadsOverTime.exclude_controllers' not found, using default value 'false' instead.
2026-05-08 20:32:27,002 INFO o.a.j.r.c.ReportGeneratorConfiguration: Property 'jmeter.reportgenerator.graph.timeVsThreads.exclude_controllers' not found, using default value 'false' instead.
2026-05-08 20:32:27,002 INFO o.a.j.r.c.ReportGeneratorConfiguration: Property 'jmeter.reportgenerator.graph.responseTimeDistribution.exclude_controllers' not found, using default value 'false' instead.
2026-05-08 20:32:27,002 INFO o.a.j.r.c.ReportGeneratorConfiguration: Property 'jmeter.reportgenerator.graph.transactionsPerSecond.exclude_controllers' not found, using default value 'false' instead.
2026-05-08 20:32:27,002 INFO o.a.j.r.c.ReportGeneratorConfiguration: Property 'jmeter.reportgenerator.graph.responseTimePercentiles.exclude_controllers' not found, using default value 'false' instead.
2026-05-08 20:32:27,002 INFO o.a.j.r.c.ReportGeneratorConfiguration: Property 'jmeter.reportgenerator.graph.responseTimePercentilesOverTime.exclude_controllers' not found, using default value 'false' instead.
2026-05-08 20:32:27,002 INFO o.a.j.r.c.ReportGeneratorConfiguration: Property 'jmeter.reportgenerator.graph.responseTimesOverTime.exclude_controllers' not found, using default value 'false' instead.
2026-05-08 20:32:27,002 INFO o.a.j.r.c.ReportGeneratorConfiguration: Property 'jmeter.reportgenerator.graph.connectTimeOverTime.exclude_controllers' not found, using default value 'false' instead.
2026-05-08 20:32:27,002 INFO o.a.j.r.c.ReportGeneratorConfiguration: Property 'jmeter.reportgenerator.graph.latenciesOverTime.exclude_controllers' not found, using default value 'false' instead.
2026-05-08 20:32:27,002 INFO o.a.j.r.c.ReportGeneratorConfiguration: Property 'jmeter.reportgenerator.exporter.json.filters_only_sample_series' not found, using default value 'true' instead.
2026-05-08 20:32:27,002 INFO o.a.j.r.c.ReportGeneratorConfiguration: Property 'jmeter.reportgenerator.exporter.json.series_filter' not found, using default value '' instead.
2026-05-08 20:32:27,002 INFO o.a.j.r.c.ReportGeneratorConfiguration: Property 'jmeter.reportgenerator.exporter.json.show_controllers_only' not found, using default value 'false' instead.
2026-05-08 20:32:27,002 INFO o.a.j.r.c.ReportGeneratorConfiguration: Property 'jmeter.reportgenerator.exporter.html.filters_only_sample_series' not found, using default value 'true' instead.
2026-05-08 20:32:27,002 INFO o.a.j.r.c.ReportGeneratorConfiguration: Property 'jmeter.reportgenerator.exporter.html.series_filter' not found, using default value '' instead.
2026-05-08 20:32:27,002 INFO o.a.j.r.c.ReportGeneratorConfiguration: Property 'jmeter.reportgenerator.exporter.html.show_controllers_only' not found, using default value 'false' instead.
2026-05-08 20:32:27,018 INFO o.a.j.e.StandardJMeterEngine: Running the test!
2026-05-08 20:32:27,018 INFO o.a.j.s.SampleEvent: List of sample_variables: []
2026-05-08 20:32:27,018 INFO o.a.j.s.SampleEvent: List of sample_variables: []
2026-05-08 20:32:27,035 INFO o.a.j.e.u.CompoundVariable: Note: Function class names must contain the string: '.functions.'
2026-05-08 20:32:27,035 INFO o.a.j.e.u.CompoundVariable: Note: Function class names must not contain the string: '.gui.'
2026-05-08 20:32:27,880 INFO o.a.j.JMeter: Running test (1778229147880)
2026-05-08 20:32:27,933 INFO o.a.j.e.StandardJMeterEngine: Starting ThreadGroup: 1 : Catalogue
2026-05-08 20:32:27,933 INFO o.a.j.e.StandardJMeterEngine: Starting 5 threads for group Catalogue.
2026-05-08 20:32:27,933 INFO o.a.j.e.StandardJMeterEngine: Thread will start next loop on error
2026-05-08 20:32:27,933 INFO o.a.j.t.ThreadGroup: Starting thread group... number=1 threads=5 ramp-up=5 delayedStart=false
2026-05-08 20:32:27,933 INFO o.a.j.t.ThreadGroup: Started thread group number 1
2026-05-08 20:32:27,933 INFO o.a.j.e.StandardJMeterEngine: All thread groups have been started
2026-05-08 20:32:27,947 INFO o.a.j.s.SampleResult: Note: Sample TimeStamps are START times
2026-05-08 20:32:27,947 INFO o.a.j.s.SampleResult: sampleresult.default.encoding is set to ISO-8859-1
2026-05-08 20:32:27,948 INFO o.a.j.s.SampleResult: sampleresult.useNanoTime=true
2026-05-08 20:32:27,948 INFO o.a.j.s.SampleResult: sampleresult.nanoThreadSleep=5000
2026-05-08 20:32:27,949 INFO o.a.j.t.JMeterThread: Thread started: Catalogue 1-1
2026-05-08 20:32:27,964 INFO o.a.j.s.FileServer: Stored: C:\temp\TestAssignment\Assurity-Test-Assignment\data\CategoryID.csv
2026-05-08 20:32:28,032 INFO o.a.j.p.h.s.HTTPHCAbstractImpl: Local host = DESKTOP-KT982LC
2026-05-08 20:32:28,049 INFO o.a.j.p.h.s.HTTPHC4Impl: HTTP request retry count = 0
2026-05-08 20:32:28,280 INFO o.a.j.p.h.s.h.LazyLayeredConnectionSocketFactory: Setting up HTTPS TrustAll Socket Factory
2026-05-08 20:32:28,285 INFO o.a.j.u.JsseSSLManager: Using default SSL protocol: TLS
2026-05-08 20:32:28,289 INFO o.a.j.u.JsseSSLManager: SSL session context: per-thread
2026-05-08 20:32:28,964 INFO o.a.j.t.JMeterThread: Thread started: Catalogue 1-2
2026-05-08 20:32:29,015 INFO o.a.j.u.SSLManager: JmeterKeyStore Location:  type JKS
2026-05-08 20:32:29,023 INFO o.a.j.u.SSLManager: KeyStore created OK
2026-05-08 20:32:29,023 WARN o.a.j.u.SSLManager: Keystore file not found, loading empty keystore
2026-05-08 20:32:29,950 INFO o.a.j.t.JMeterThread: Thread started: Catalogue 1-3
2026-05-08 20:32:30,782 INFO o.a.j.e.J.Validate CategoryID & CanRelist Fields: Validation PASSED for CategoryID=6328
2026-05-08 20:32:30,782 INFO o.a.j.e.J.Validate CategoryID & CanRelist Fields: Validation PASSED for CategoryID=6327
2026-05-08 20:32:30,782 INFO o.a.j.e.J.Validate CategoryID & CanRelist Fields: Validation PASSED for CategoryID=6329
2026-05-08 20:32:30,890 INFO o.a.j.e.J.Extract Data to CSV File: Data extracted to: C:\temp\TestAssignment\Assurity-Test-Assignment\extract\DataExtract_0805_203227.csv
2026-05-08 20:32:30,890 INFO o.a.j.e.J.Extract Data to CSV File: Data extracted to: C:\temp\TestAssignment\Assurity-Test-Assignment\extract\DataExtract_0805_203227.csv
2026-05-08 20:32:30,890 INFO o.a.j.e.J.Extract Data to CSV File: Data extracted to: C:\temp\TestAssignment\Assurity-Test-Assignment\extract\DataExtract_0805_203227.csv
2026-05-08 20:32:30,893 INFO o.a.j.r.Summariser: summary +      1 in 00:00:03 =    0.3/s Avg:   336 Min:   336 Max:   336 Err:     0 (0.00%) Active: 3 Started: 3 Finished: 0
2026-05-08 20:32:30,956 INFO o.a.j.t.JMeterThread: Thread started: Catalogue 1-4
2026-05-08 20:32:31,114 INFO o.a.j.e.J.Validate CategoryID & CanRelist Fields: Validation PASSED for CategoryID=6333
2026-05-08 20:32:31,116 INFO o.a.j.e.J.Extract Data to CSV File: Data extracted to: C:\temp\TestAssignment\Assurity-Test-Assignment\extract\DataExtract_0805_203227.csv
2026-05-08 20:32:31,949 INFO o.a.j.t.JMeterThread: Thread started: Catalogue 1-5
2026-05-08 20:32:32,238 INFO o.a.j.e.J.Validate CategoryID & CanRelist Fields: Validation PASSED for CategoryID=6335
2026-05-08 20:32:32,241 INFO o.a.j.e.J.Extract Data to CSV File: Data extracted to: C:\temp\TestAssignment\Assurity-Test-Assignment\extract\DataExtract_0805_203227.csv
2026-05-08 20:32:46,100 INFO o.a.j.e.J.Validate CategoryID & CanRelist Fields: Validation PASSED for CategoryID=6330
2026-05-08 20:32:46,105 INFO o.a.j.e.J.Extract Data to CSV File: Data extracted to: C:\temp\TestAssignment\Assurity-Test-Assignment\extract\DataExtract_0805_203227.csv
2026-05-08 20:32:47,036 WARN o.a.j.e.J.Validate CategoryID & CanRelist Fields: Validation FAILED for CategoryID=6331
2026-05-08 20:32:47,038 INFO o.a.j.e.J.Extract Data to CSV File: Data extracted to: C:\temp\TestAssignment\Assurity-Test-Assignment\extract\DataExtract_0805_203227.csv
2026-05-08 20:32:48,245 INFO o.a.j.e.J.Validate CategoryID & CanRelist Fields: Validation PASSED for CategoryID=6332
2026-05-08 20:32:48,247 INFO o.a.j.e.J.Extract Data to CSV File: Data extracted to: C:\temp\TestAssignment\Assurity-Test-Assignment\extract\DataExtract_0805_203227.csv
2026-05-08 20:32:55,215 INFO o.a.j.e.J.Validate CategoryID & CanRelist Fields: Validation PASSED for CategoryID=6334
2026-05-08 20:32:55,216 INFO o.a.j.e.J.Extract Data to CSV File: Data extracted to: C:\temp\TestAssignment\Assurity-Test-Assignment\extract\DataExtract_0805_203227.csv
2026-05-08 20:33:02,207 INFO o.a.j.e.J.Validate CategoryID & CanRelist Fields: Validation PASSED for CategoryID=6336
2026-05-08 20:33:02,209 INFO o.a.j.e.J.Extract Data to CSV File: Data extracted to: C:\temp\TestAssignment\Assurity-Test-Assignment\extract\DataExtract_0805_203227.csv
2026-05-08 20:33:02,209 INFO o.a.j.r.Summariser: summary +      9 in 00:00:31 =    0.3/s Avg:   491 Min:    70 Max:  1876 Err:     1 (11.11%) Active: 5 Started: 5 Finished: 0
2026-05-08 20:33:02,210 INFO o.a.j.r.Summariser: summary =     10 in 00:00:34 =    0.3/s Avg:   476 Min:    70 Max:  1876 Err:     1 (10.00%)
2026-05-08 20:33:16,076 INFO o.a.j.e.J.Validate CategoryID & CanRelist Fields: Validation PASSED for CategoryID=6327
2026-05-08 20:33:16,078 INFO o.a.j.e.J.Extract Data to CSV File: Data extracted to: C:\temp\TestAssignment\Assurity-Test-Assignment\extract\DataExtract_0805_203227.csv
2026-05-08 20:33:16,078 INFO o.a.j.t.JMeterThread: Thread finished: Catalogue 1-1
2026-05-08 20:33:17,056 INFO o.a.j.e.J.Validate CategoryID & CanRelist Fields: Validation PASSED for CategoryID=6328
2026-05-08 20:33:17,061 INFO o.a.j.e.J.Extract Data to CSV File: Data extracted to: C:\temp\TestAssignment\Assurity-Test-Assignment\extract\DataExtract_0805_203227.csv
2026-05-08 20:33:17,061 INFO o.a.j.t.JMeterThread: Thread finished: Catalogue 1-2
2026-05-08 20:33:18,040 INFO o.a.j.e.J.Validate CategoryID & CanRelist Fields: Validation PASSED for CategoryID=6329
2026-05-08 20:33:18,043 INFO o.a.j.e.J.Extract Data to CSV File: Data extracted to: C:\temp\TestAssignment\Assurity-Test-Assignment\extract\DataExtract_0805_203227.csv
2026-05-08 20:33:18,044 INFO o.a.j.t.JMeterThread: Thread finished: Catalogue 1-3
2026-05-08 20:33:25,042 INFO o.a.j.e.J.Validate CategoryID & CanRelist Fields: Validation PASSED for CategoryID=6330
2026-05-08 20:33:25,046 INFO o.a.j.e.J.Extract Data to CSV File: Data extracted to: C:\temp\TestAssignment\Assurity-Test-Assignment\extract\DataExtract_0805_203227.csv
2026-05-08 20:33:25,047 INFO o.a.j.t.JMeterThread: Thread finished: Catalogue 1-4
2026-05-08 20:33:32,112 WARN o.a.j.e.J.Validate CategoryID & CanRelist Fields: Validation FAILED for CategoryID=6331
2026-05-08 20:33:32,121 INFO o.a.j.e.J.Extract Data to CSV File: Data extracted to: C:\temp\TestAssignment\Assurity-Test-Assignment\extract\DataExtract_0805_203227.csv
2026-05-08 20:33:32,121 INFO o.a.j.r.Summariser: summary +      5 in 00:00:30 =    0.2/s Avg:   101 Min:    76 Max:   169 Err:     1 (20.00%) Active: 1 Started: 5 Finished: 4
2026-05-08 20:33:32,122 INFO o.a.j.r.Summariser: summary =     15 in 00:01:04 =    0.2/s Avg:   351 Min:    70 Max:  1876 Err:     2 (13.33%)
2026-05-08 20:33:32,123 INFO o.a.j.t.JMeterThread: Thread finished: Catalogue 1-5
2026-05-08 20:33:32,123 INFO o.a.j.e.StandardJMeterEngine: Notifying test listeners of end of test
2026-05-08 20:33:32,123 INFO o.a.j.s.FileServer: Close: C:\temp\TestAssignment\Assurity-Test-Assignment\data\CategoryID.csv
2026-05-08 20:33:32,124 INFO o.a.j.r.Summariser: summary =     15 in 00:01:04 =    0.2/s Avg:   351 Min:    70 Max:  1876 Err:     2 (13.33%)
2026-05-08 20:33:32,125 INFO o.a.j.JMeter: Generating Dashboard
2026-05-08 20:33:32,125 INFO o.a.j.r.d.ReportGenerator: Flushing result collector before report Generation
2026-05-08 20:33:32,146 INFO o.a.j.r.p.NormalizerSampleConsumer: Using format, 'ms', to parse timeStamp field
2026-05-08 20:33:32,259 INFO o.a.j.r.p.AbstractSampleConsumer: class org.apache.jmeter.report.processor.AggregateConsumer#stopProducing(): beginDate produced 0 samples
2026-05-08 20:33:32,259 INFO o.a.j.r.p.AbstractSampleConsumer: class org.apache.jmeter.report.processor.AggregateConsumer#stopProducing(): endDate produced 0 samples
2026-05-08 20:33:32,262 INFO o.a.j.r.p.AbstractSampleConsumer: class org.apache.jmeter.report.processor.ApdexSummaryConsumer#stopProducing(): apdexSummary produced 0 samples
2026-05-08 20:33:32,262 INFO o.a.j.r.p.AbstractSampleConsumer: class org.apache.jmeter.report.processor.RequestsSummaryConsumer#stopProducing(): requestsSummary produced 0 samples
2026-05-08 20:33:32,268 INFO o.a.j.r.p.AbstractSampleConsumer: class org.apache.jmeter.report.processor.StatisticsSummaryConsumer#stopProducing(): statisticsSummary produced 0 samples
2026-05-08 20:33:32,270 INFO o.a.j.r.p.AbstractSampleConsumer: class org.apache.jmeter.report.processor.Top5ErrorsBySamplerConsumer#stopProducing(): top5ErrorsBySampler produced 0 samples
2026-05-08 20:33:32,270 INFO o.a.j.r.p.AbstractSampleConsumer: class org.apache.jmeter.report.processor.ErrorsSummaryConsumer#stopProducing(): errorsSummary produced 0 samples
2026-05-08 20:33:32,270 INFO o.a.j.r.p.AbstractSampleConsumer: class org.apache.jmeter.report.processor.graph.impl.HitsPerSecondGraphConsumer#stopProducing(): hitsPerSecond produced 0 samples
2026-05-08 20:33:32,312 INFO o.a.j.r.p.AbstractSampleConsumer: class org.apache.jmeter.report.processor.graph.impl.LatencyVSRequestGraphConsumer#stopProducing(): latencyVsRequest produced 0 samples
2026-05-08 20:33:32,312 INFO o.a.j.r.p.AbstractSampleConsumer: class org.apache.jmeter.report.processor.graph.impl.SyntheticResponseTimeDistributionGraphConsumer#stopProducing(): syntheticResponseTimeDistribution produced 0 samples
2026-05-08 20:33:32,312 INFO o.a.j.r.p.AbstractSampleConsumer: class org.apache.jmeter.report.processor.graph.impl.BytesThroughputGraphConsumer#stopProducing(): bytesThroughputOverTime produced 0 samples
2026-05-08 20:33:32,313 INFO o.a.j.r.p.AbstractSampleConsumer: class org.apache.jmeter.report.processor.graph.impl.CodesPerSecondGraphConsumer#stopProducing(): codesPerSecond produced 0 samples
2026-05-08 20:33:32,318 INFO o.a.j.r.p.AbstractSampleConsumer: class org.apache.jmeter.report.processor.graph.impl.ResponseTimeVSRequestGraphConsumer#stopProducing(): responseTimeVsRequest produced 0 samples
2026-05-08 20:33:32,318 INFO o.a.j.r.p.AbstractSampleConsumer: class org.apache.jmeter.report.processor.FilterConsumer#stopProducing(): startIntervalControlerFilter produced 105 samples
2026-05-08 20:33:32,318 INFO o.a.j.r.p.AbstractSampleConsumer: class org.apache.jmeter.report.processor.graph.impl.TotalTPSGraphConsumer#stopProducing(): totalTPS produced 0 samples
2026-05-08 20:33:32,318 INFO o.a.j.r.p.AbstractSampleConsumer: class org.apache.jmeter.report.processor.graph.impl.ActiveThreadsGraphConsumer#stopProducing(): activeThreadsOverTime produced 0 samples
2026-05-08 20:33:32,318 INFO o.a.j.r.p.AbstractSampleConsumer: class org.apache.jmeter.report.processor.graph.impl.TimeVSThreadGraphConsumer#stopProducing(): timeVsThreads produced 0 samples
2026-05-08 20:33:32,318 INFO o.a.j.r.p.AbstractSampleConsumer: class org.apache.jmeter.report.processor.graph.impl.ResponseTimeDistributionGraphConsumer#stopProducing(): responseTimeDistribution produced 0 samples
2026-05-08 20:33:32,318 INFO o.a.j.r.p.AbstractSampleConsumer: class org.apache.jmeter.report.processor.graph.impl.TransactionsPerSecondGraphConsumer#stopProducing(): transactionsPerSecond produced 0 samples
2026-05-08 20:33:32,318 INFO o.a.j.r.p.AbstractSampleConsumer: class org.apache.jmeter.report.processor.graph.impl.ResponseTimePercentilesGraphConsumer#stopProducing(): responseTimePercentiles produced 0 samples
2026-05-08 20:33:32,320 INFO o.a.j.r.p.AbstractSampleConsumer: class org.apache.jmeter.report.processor.graph.impl.ResponseTimePercentilesOverTimeGraphConsumer#stopProducing(): responseTimePercentilesOverTime produced 0 samples
2026-05-08 20:33:32,320 INFO o.a.j.r.p.AbstractSampleConsumer: class org.apache.jmeter.report.processor.graph.impl.ResponseTimeOverTimeGraphConsumer#stopProducing(): responseTimesOverTime produced 0 samples
2026-05-08 20:33:32,320 INFO o.a.j.r.p.AbstractSampleConsumer: class org.apache.jmeter.report.processor.graph.impl.ConnectTimeOverTimeGraphConsumer#stopProducing(): connectTimeOverTime produced 0 samples
2026-05-08 20:33:32,320 INFO o.a.j.r.p.AbstractSampleConsumer: class org.apache.jmeter.report.processor.graph.impl.LatencyOverTimeGraphConsumer#stopProducing(): latenciesOverTime produced 0 samples
2026-05-08 20:33:32,320 INFO o.a.j.r.p.AbstractSampleConsumer: class org.apache.jmeter.report.processor.FilterConsumer#stopProducing(): nameFilter produced 525 samples
2026-05-08 20:33:32,320 INFO o.a.j.r.p.AbstractSampleConsumer: class org.apache.jmeter.report.processor.FilterConsumer#stopProducing(): dateRangeFilter produced 105 samples
2026-05-08 20:33:32,320 INFO o.a.j.r.p.AbstractSampleConsumer: class org.apache.jmeter.report.processor.NormalizerSampleConsumer#stopProducing(): normalizer produced 35 samples
2026-05-08 20:33:32,321 INFO o.a.j.r.p.CsvFileSampleSource: produce(): 35 samples produced in 147ms on channel 0
2026-05-08 20:33:32,321 INFO o.a.j.r.d.ReportGenerator: Exporting data using exporter:'json' of className:'org.apache.jmeter.report.dashboard.JsonExporter'
2026-05-08 20:33:32,512 INFO o.a.j.r.d.JsonExporter: Found data for consumer statisticsSummary in context
2026-05-08 20:33:32,512 INFO o.a.j.r.d.JsonExporter: Creating statistics for overall
2026-05-08 20:33:32,512 INFO o.a.j.r.d.JsonExporter: Creating statistics for other transactions
2026-05-08 20:33:32,512 INFO o.a.j.r.d.JsonExporter: Checking output folder
2026-05-08 20:33:32,512 INFO o.a.j.r.d.JsonExporter: Writing statistics JSON to C:\temp\TestAssignment\Assurity-Test-Assignment\results\HTMLReport\statistics.json
2026-05-08 20:33:32,586 INFO o.a.j.r.d.ReportGenerator: Exporting data using exporter:'html' of className:'org.apache.jmeter.report.dashboard.HtmlTemplateExporter'
2026-05-08 20:33:32,591 INFO o.a.j.r.d.HtmlTemplateExporter: Will generate dashboard in folder: C:\temp\TestAssignment\Assurity-Test-Assignment\results\HTMLReport
2026-05-08 20:33:32,777 INFO o.a.j.r.d.HtmlTemplateExporter: Report will be generated in: C:\temp\TestAssignment\Assurity-Test-Assignment\results\HTMLReport, creating folder structure
2026-05-08 20:33:32,778 INFO o.a.j.r.d.TemplateVisitor: Copying folder from 'C:\apache-jmeter-5.5\bin\report-template' to 'C:\temp\TestAssignment\Assurity-Test-Assignment\results\HTMLReport', got message: C:\temp\TestAssignment\Assurity-Test-Assignment\results\HTMLReport, found non empty folder with following content [C:\temp\TestAssignment\Assurity-Test-Assignment\results\HTMLReport\statistics.json], will be ignored
2026-05-08 20:33:33,672 INFO o.a.j.JMeter: Dashboard generated
